======================================================================
导出开始时间: 2025-08-27 20:32:52
开始导入表: AML_UBO_INFO
开始时间：1756297972
Warning: /usr/local/sqoop/../hbase does not exist! HBase imports will fail.
Please set $HBASE_HOME to the root of your HBase installation.
Warning: /usr/local/sqoop/../accumulo does not exist! Accumulo imports will fail.
Please set $ACCUMULO_HOME to the root of your Accumulo installation.
25/08/27 20:32:53 INFO sqoop.Sqoop: Running Sqoop version: 1.4.7
25/08/27 20:32:53 WARN tool.BaseSqoopTool: Setting your password on the command-line is insecure. Consider using -P instead.
SLF4J: Class path contains multiple SLF4J bindings.
SLF4J: Found binding in [jar:file:/usr/local/hadoop/share/hadoop/common/lib/slf4j-log4j12-1.7.10.jar!/org/slf4j/impl/StaticLoggerBinder.class]
SLF4J: Found binding in [jar:file:/usr/local/hive/lib/log4j-slf4j-impl-2.4.1.jar!/org/slf4j/impl/StaticLoggerBinder.class]
SLF4J: See http://www.slf4j.org/codes.html#multiple_bindings for an explanation.
SLF4J: Actual binding is of type [org.slf4j.impl.Log4jLoggerFactory]
25/08/27 20:32:53 INFO conf.HiveConf: Found configuration file file:/usr/local/hive/conf/hive-site.xml
25/08/27 20:32:53 INFO hive.metastore: Trying to connect to metastore with URI thrift://hadoop01:9083
25/08/27 20:32:53 INFO hive.metastore: Opened a connection to metastore, current connections: 1
25/08/27 20:32:53 INFO hive.metastore: Connected to metastore.
25/08/27 20:32:53 INFO hive.metastore: Trying to connect to metastore with URI thrift://hadoop01:9083
25/08/27 20:32:53 INFO hive.metastore: Opened a connection to metastore, current connections: 2
25/08/27 20:32:53 INFO hive.metastore: Connected to metastore.
25/08/27 20:32:54 INFO oracle.OraOopManagerFactory: Data Connector for Oracle and Hadoop is disabled.
25/08/27 20:32:54 INFO manager.SqlManager: Using default fetchSize of 1000
25/08/27 20:32:54 INFO tool.CodeGenTool: Beginning code generation
25/08/27 20:32:55 INFO manager.OracleManager: Time zone has been set to GMT
25/08/27 20:32:55 INFO manager.SqlManager: Executing SQL statement: SELECT t.* FROM AML_UBO_INFO t WHERE 1=0
25/08/27 20:32:55 INFO orm.CompilationManager: HADOOP_MAPRED_HOME is /usr/local/hadoop
注: /tmp/sqoop-root/compile/2f5e5b40d2aaf11d10fe22c706e9f851/AML_UBO_INFO.java使用或覆盖了已过时的 API。
注: 有关详细信息, 请使用 -Xlint:deprecation 重新编译。
25/08/27 20:32:57 INFO orm.CompilationManager: Writing jar file: /tmp/sqoop-root/compile/2f5e5b40d2aaf11d10fe22c706e9f851/AML_UBO_INFO.jar
25/08/27 20:32:57 INFO manager.OracleManager: Time zone has been set to GMT
25/08/27 20:32:57 INFO manager.OracleManager: Time zone has been set to GMT
25/08/27 20:32:57 INFO mapreduce.ImportJobBase: Beginning import of AML_UBO_INFO
25/08/27 20:32:57 INFO Configuration.deprecation: mapred.jar is deprecated. Instead, use mapreduce.job.jar
25/08/27 20:32:57 INFO manager.OracleManager: Time zone has been set to GMT
25/08/27 20:32:57 INFO hcat.SqoopHCatUtilities: Configuring HCatalog for import job
25/08/27 20:32:57 INFO hcat.SqoopHCatUtilities: Configuring HCatalog specific details for job
25/08/27 20:32:57 WARN hcat.SqoopHCatUtilities: Provided HCatalog table name ODS_AML_UBO_INFO will be mapped to  ods_aml_ubo_info
25/08/27 20:32:57 INFO manager.OracleManager: Time zone has been set to GMT
25/08/27 20:32:57 INFO manager.OracleManager: Time zone has been set to GMT
25/08/27 20:32:57 INFO manager.SqlManager: Executing SQL statement: SELECT t.* FROM AML_UBO_INFO t WHERE 1=0
25/08/27 20:32:57 INFO hcat.SqoopHCatUtilities: Database column names projected : [ubo_id, customer_id, ubo_name, ubo_id_type, ubo_id_no, ubo_share_percent, ubo_position, ubo_nationality, ubo_residence, relationship_type, effective_date, expiry_date, status, created_by, created_date, updated_by, updated_date]
25/08/27 20:32:57 INFO hcat.SqoopHCatUtilities: Database column name - info map :
	ubo_residence : [Type : 12,Precision : 255,Scale : 0]
	ubo_id_type : [Type : 12,Precision : 20,Scale : 0]
	ubo_id : [Type : 2,Precision : 15,Scale : 0]
	expiry_date : [Type : 93,Precision : 7,Scale : 0]
	ubo_id_no : [Type : 12,Precision : 50,Scale : 0]
	ubo_position : [Type : 12,Precision : 50,Scale : 0]
	ubo_nationality : [Type : 12,Precision : 50,Scale : 0]
	ubo_name : [Type : 12,Precision : 100,Scale : 0]
	created_by : [Type : 12,Precision : 30,Scale : 0]
	ubo_share_percent : [Type : 2,Precision : 5,Scale : 2]
	relationship_type : [Type : 12,Precision : 20,Scale : 0]
	effective_date : [Type : 93,Precision : 7,Scale : 0]
	updated_by : [Type : 12,Precision : 30,Scale : 0]
	created_date : [Type : 93,Precision : 7,Scale : 0]
	updated_date : [Type : 93,Precision : 7,Scale : 0]
	customer_id : [Type : 2,Precision : 15,Scale : 0]
	status : [Type : 12,Precision : 20,Scale : 0]

25/08/27 20:32:57 INFO hcat.SqoopHCatUtilities: Setting hCatInputFormat filter to etl_date='2025-08-27'
25/08/27 20:32:57 INFO hcat.SqoopHCatUtilities: HCatalog full table schema fields = [ubo_id, customer_id, ubo_name, ubo_id_type, ubo_id_no, ubo_share_percent, ubo_position, ubo_nationality, ubo_residence, relationship_type, effective_date, expiry_date, status, created_by, created_date, updated_by, updated_date, etl_date]
25/08/27 20:32:57 INFO hcat.SqoopHCatUtilities: Setting hCatOutputFormat filter to etl_date='2025-08-27'
25/08/27 20:32:58 INFO Configuration.deprecation: mapred.output.dir is deprecated. Instead, use mapreduce.output.fileoutputformat.outputdir
25/08/27 20:32:58 INFO hcat.SqoopHCatUtilities: HCatalog table partitioning key fields = [etl_date]
25/08/27 20:32:58 INFO hcat.SqoopHCatUtilities: HCatalog projected schema fields = [ubo_id, customer_id, ubo_name, ubo_id_type, ubo_id_no, ubo_share_percent, ubo_position, ubo_nationality, ubo_residence, relationship_type, effective_date, expiry_date, status, created_by, created_date, updated_by, updated_date]
25/08/27 20:32:58 INFO hcat.SqoopHCatUtilities: HCatalog job : Hive Home = /usr/local/hive/
25/08/27 20:32:58 INFO hcat.SqoopHCatUtilities: HCatalog job:  HCatalog Home = /usr/local/hive/hcatalog
25/08/27 20:32:58 INFO hcat.SqoopHCatUtilities: Adding jar files under /usr/local/hive/hcatalog/share/hcatalog to distributed cache
25/08/27 20:32:58 INFO hcat.SqoopHCatUtilities: Adding to job classpath: file:/usr/local/hive/hcatalog/share/hcatalog/hive-hcatalog-streaming-2.1.1.jar
25/08/27 20:32:58 INFO hcat.SqoopHCatUtilities: Adding to job classpath: file:/usr/local/hive/hcatalog/share/hcatalog/hive-hcatalog-core-2.1.1.jar
25/08/27 20:32:58 INFO hcat.SqoopHCatUtilities: Adding to job classpath: file:/usr/local/hive/hcatalog/share/hcatalog/hive-hcatalog-pig-adapter-2.1.1.jar
25/08/27 20:32:58 INFO hcat.SqoopHCatUtilities: Adding to job classpath: file:/usr/local/hive/hcatalog/share/hcatalog/hive-hcatalog-server-extensions-2.1.1.jar
25/08/27 20:32:58 INFO hcat.SqoopHCatUtilities: Adding jar files under /usr/local/hive/hcatalog/lib to distributed cache
25/08/27 20:32:58 WARN hcat.SqoopHCatUtilities: No files under /usr/local/hive/hcatalog/lib to add to distributed cache for hcatalog job
25/08/27 20:32:58 INFO hcat.SqoopHCatUtilities: Adding jar files under /usr/local/hive//lib to distributed cache
25/08/27 20:32:58 INFO hcat.SqoopHCatUtilities: Adding to job classpath: file:/usr/local/hive/lib/hive-common-2.1.1.jar
25/08/27 20:32:58 INFO hcat.SqoopHCatUtilities: Adding to job classpath: file:/usr/local/hive/lib/hive-shims-2.1.1.jar
25/08/27 20:32:58 INFO hcat.SqoopHCatUtilities: Adding to job classpath: file:/usr/local/hive/lib/hive-shims-common-2.1.1.jar
25/08/27 20:32:58 INFO hcat.SqoopHCatUtilities: Adding to job classpath: file:/usr/local/hive/lib/log4j-slf4j-impl-2.4.1.jar
25/08/27 20:32:58 INFO hcat.SqoopHCatUtilities: Adding to job classpath: file:/usr/local/hive/lib/log4j-api-2.4.1.jar
25/08/27 20:32:58 INFO hcat.SqoopHCatUtilities: Adding to job classpath: file:/usr/local/hive/lib/guava-14.0.1.jar
25/08/27 20:32:58 INFO hcat.SqoopHCatUtilities: Adding to job classpath: file:/usr/local/hive/lib/commons-lang-2.6.jar
25/08/27 20:32:58 INFO hcat.SqoopHCatUtilities: Adding to job classpath: file:/usr/local/hive/lib/libthrift-0.9.3.jar
25/08/27 20:32:58 INFO hcat.SqoopHCatUtilities: Adding to job classpath: file:/usr/local/hive/lib/httpclient-4.4.jar
25/08/27 20:32:58 INFO hcat.SqoopHCatUtilities: Adding to job classpath: file:/usr/local/hive/lib/httpcore-4.4.jar
25/08/27 20:32:58 INFO hcat.SqoopHCatUtilities: Adding to job classpath: file:/usr/local/hive/lib/commons-logging-1.2.jar
25/08/27 20:32:58 INFO hcat.SqoopHCatUtilities: Adding to job classpath: file:/usr/local/hive/lib/commons-codec-1.4.jar
25/08/27 20:32:58 INFO hcat.SqoopHCatUtilities: Adding to job classpath: file:/usr/local/hive/lib/curator-framework-2.6.0.jar
25/08/27 20:32:58 INFO hcat.SqoopHCatUtilities: Adding to job classpath: file:/usr/local/hive/lib/curator-client-2.6.0.jar
25/08/27 20:32:58 INFO hcat.SqoopHCatUtilities: Adding to job classpath: file:/usr/local/hive/lib/zookeeper-3.4.6.jar
25/08/27 20:32:58 INFO hcat.SqoopHCatUtilities: Adding to job classpath: file:/usr/local/hive/lib/jline-2.12.jar
25/08/27 20:32:58 INFO hcat.SqoopHCatUtilities: Adding to job classpath: file:/usr/local/hive/lib/netty-3.7.0.Final.jar
25/08/27 20:32:58 INFO hcat.SqoopHCatUtilities: Adding to job classpath: file:/usr/local/hive/lib/hive-shims-0.23-2.1.1.jar
25/08/27 20:32:58 INFO hcat.SqoopHCatUtilities: Adding to job classpath: file:/usr/local/hive/lib/guice-servlet-3.0.jar
25/08/27 20:32:58 INFO hcat.SqoopHCatUtilities: Adding to job classpath: file:/usr/local/hive/lib/guice-3.0.jar
25/08/27 20:32:58 INFO hcat.SqoopHCatUtilities: Adding to job classpath: file:/usr/local/hive/lib/javax.inject-1.jar
25/08/27 20:32:58 INFO hcat.SqoopHCatUtilities: Adding to job classpath: file:/usr/local/hive/lib/aopalliance-1.0.jar
25/08/27 20:32:58 INFO hcat.SqoopHCatUtilities: Adding to job classpath: file:/usr/local/hive/lib/protobuf-java-2.5.0.jar
25/08/27 20:32:58 INFO hcat.SqoopHCatUtilities: Adding to job classpath: file:/usr/local/hive/lib/commons-io-2.4.jar
25/08/27 20:32:58 INFO hcat.SqoopHCatUtilities: Adding to job classpath: file:/usr/local/hive/lib/activation-1.1.jar
25/08/27 20:32:58 INFO hcat.SqoopHCatUtilities: Adding to job classpath: file:/usr/local/hive/lib/jackson-jaxrs-1.9.2.jar
25/08/27 20:32:58 INFO hcat.SqoopHCatUtilities: Adding to job classpath: file:/usr/local/hive/lib/jackson-xc-1.9.2.jar
25/08/27 20:32:58 INFO hcat.SqoopHCatUtilities: Adding to job classpath: file:/usr/local/hive/lib/jersey-server-1.14.jar
25/08/27 20:32:58 INFO hcat.SqoopHCatUtilities: Adding to job classpath: file:/usr/local/hive/lib/asm-3.1.jar
25/08/27 20:32:58 INFO hcat.SqoopHCatUtilities: Adding to job classpath: file:/usr/local/hive/lib/commons-compress-1.9.jar
25/08/27 20:32:58 INFO hcat.SqoopHCatUtilities: Adding to job classpath: file:/usr/local/hive/lib/jetty-util-6.1.26.jar
25/08/27 20:32:58 INFO hcat.SqoopHCatUtilities: Adding to job classpath: file:/usr/local/hive/lib/jersey-client-1.9.jar
25/08/27 20:32:58 INFO hcat.SqoopHCatUtilities: Adding to job classpath: file:/usr/local/hive/lib/commons-cli-1.2.jar
25/08/27 20:32:58 INFO hcat.SqoopHCatUtilities: Adding to job classpath: file:/usr/local/hive/lib/commons-collections-3.2.2.jar
25/08/27 20:32:58 INFO hcat.SqoopHCatUtilities: Adding to job classpath: file:/usr/local/hive/lib/commons-httpclient-3.0.1.jar
25/08/27 20:32:58 INFO hcat.SqoopHCatUtilities: Adding to job classpath: file:/usr/local/hive/lib/junit-4.11.jar
25/08/27 20:32:58 INFO hcat.SqoopHCatUtilities: Adding to job classpath: file:/usr/local/hive/lib/hamcrest-core-1.3.jar
25/08/27 20:32:58 INFO hcat.SqoopHCatUtilities: Adding to job classpath: file:/usr/local/hive/lib/jetty-6.1.26.jar
25/08/27 20:32:58 INFO hcat.SqoopHCatUtilities: Adding to job classpath: file:/usr/local/hive/lib/hive-shims-scheduler-2.1.1.jar
25/08/27 20:32:58 INFO hcat.SqoopHCatUtilities: Adding to job classpath: file:/usr/local/hive/lib/hive-storage-api-2.1.1.jar
25/08/27 20:32:58 INFO hcat.SqoopHCatUtilities: Adding to job classpath: file:/usr/local/hive/lib/hive-orc-2.1.1.jar
25/08/27 20:32:58 INFO hcat.SqoopHCatUtilities: Adding to job classpath: file:/usr/local/hive/lib/jasper-compiler-5.5.23.jar
25/08/27 20:32:58 INFO hcat.SqoopHCatUtilities: Adding to job classpath: file:/usr/local/hive/lib/jasper-runtime-5.5.23.jar
25/08/27 20:32:58 INFO hcat.SqoopHCatUtilities: Adding to job classpath: file:/usr/local/hive/lib/commons-el-1.0.jar
25/08/27 20:32:58 INFO hcat.SqoopHCatUtilities: Adding to job classpath: file:/usr/local/hive/lib/gson-2.2.4.jar
25/08/27 20:32:58 INFO hcat.SqoopHCatUtilities: Adding to job classpath: file:/usr/local/hive/lib/curator-recipes-2.6.0.jar
25/08/27 20:32:58 INFO hcat.SqoopHCatUtilities: Adding to job classpath: file:/usr/local/hive/lib/jsr305-3.0.0.jar
25/08/27 20:32:58 INFO hcat.SqoopHCatUtilities: Adding to job classpath: file:/usr/local/hive/lib/snappy-0.2.jar
25/08/27 20:32:58 INFO hcat.SqoopHCatUtilities: Adding to job classpath: file:/usr/local/hive/lib/jetty-all-7.6.0.v20120127.jar
25/08/27 20:32:58 INFO hcat.SqoopHCatUtilities: Adding to job classpath: file:/usr/local/hive/lib/geronimo-jta_1.1_spec-1.1.1.jar
25/08/27 20:32:58 INFO hcat.SqoopHCatUtilities: Adding to job classpath: file:/usr/local/hive/lib/mail-1.4.1.jar
25/08/27 20:32:58 INFO hcat.SqoopHCatUtilities: Adding to job classpath: file:/usr/local/hive/lib/geronimo-jaspic_1.0_spec-1.0.jar
25/08/27 20:32:58 INFO hcat.SqoopHCatUtilities: Adding to job classpath: file:/usr/local/hive/lib/geronimo-annotation_1.0_spec-1.1.1.jar
25/08/27 20:32:58 INFO hcat.SqoopHCatUtilities: Adding to job classpath: file:/usr/local/hive/lib/asm-commons-3.1.jar
25/08/27 20:32:58 INFO hcat.SqoopHCatUtilities: Adding to job classpath: file:/usr/local/hive/lib/asm-tree-3.1.jar
25/08/27 20:32:58 INFO hcat.SqoopHCatUtilities: Adding to job classpath: file:/usr/local/hive/lib/javax.servlet-3.0.0.v201112011016.jar
25/08/27 20:32:58 INFO hcat.SqoopHCatUtilities: Adding to job classpath: file:/usr/local/hive/lib/joda-time-2.5.jar
25/08/27 20:32:58 INFO hcat.SqoopHCatUtilities: Adding to job classpath: file:/usr/local/hive/lib/log4j-1.2-api-2.4.1.jar
25/08/27 20:32:58 INFO hcat.SqoopHCatUtilities: Adding to job classpath: file:/usr/local/hive/lib/log4j-core-2.4.1.jar
25/08/27 20:32:58 INFO hcat.SqoopHCatUtilities: Adding to job classpath: file:/usr/local/hive/lib/log4j-web-2.4.1.jar
25/08/27 20:32:58 INFO hcat.SqoopHCatUtilities: Adding to job classpath: file:/usr/local/hive/lib/ant-1.9.1.jar
25/08/27 20:32:58 INFO hcat.SqoopHCatUtilities: Adding to job classpath: file:/usr/local/hive/lib/ant-launcher-1.9.1.jar
25/08/27 20:32:58 INFO hcat.SqoopHCatUtilities: Adding to job classpath: file:/usr/local/hive/lib/json-20090211.jar
25/08/27 20:32:58 INFO hcat.SqoopHCatUtilities: Adding to job classpath: file:/usr/local/hive/lib/metrics-core-3.1.0.jar
25/08/27 20:32:58 INFO hcat.SqoopHCatUtilities: Adding to job classpath: file:/usr/local/hive/lib/metrics-jvm-3.1.0.jar
25/08/27 20:32:58 INFO hcat.SqoopHCatUtilities: Adding to job classpath: file:/usr/local/hive/lib/metrics-json-3.1.0.jar
25/08/27 20:32:58 INFO hcat.SqoopHCatUtilities: Adding to job classpath: file:/usr/local/hive/lib/jackson-databind-2.4.2.jar
25/08/27 20:32:58 INFO hcat.SqoopHCatUtilities: Adding to job classpath: file:/usr/local/hive/lib/jackson-annotations-2.4.0.jar
25/08/27 20:32:58 INFO hcat.SqoopHCatUtilities: Adding to job classpath: file:/usr/local/hive/lib/jackson-core-2.4.2.jar
25/08/27 20:32:58 INFO hcat.SqoopHCatUtilities: Adding to job classpath: file:/usr/local/hive/lib/dropwizard-metrics-hadoop-metrics2-reporter-0.1.2.jar
25/08/27 20:32:58 INFO hcat.SqoopHCatUtilities: Adding to job classpath: file:/usr/local/hive/lib/hive-serde-2.1.1.jar
25/08/27 20:32:58 INFO hcat.SqoopHCatUtilities: Adding to job classpath: file:/usr/local/hive/lib/hive-service-rpc-2.1.1.jar
25/08/27 20:32:58 INFO hcat.SqoopHCatUtilities: Adding to job classpath: file:/usr/local/hive/lib/jsp-api-2.0.jar
25/08/27 20:32:58 INFO hcat.SqoopHCatUtilities: Adding to job classpath: file:/usr/local/hive/lib/servlet-api-2.4.jar
25/08/27 20:32:58 INFO hcat.SqoopHCatUtilities: Adding to job classpath: file:/usr/local/hive/lib/ant-1.6.5.jar
25/08/27 20:32:58 INFO hcat.SqoopHCatUtilities: Adding to job classpath: file:/usr/local/hive/lib/libfb303-0.9.3.jar
25/08/27 20:32:58 INFO hcat.SqoopHCatUtilities: Adding to job classpath: file:/usr/local/hive/lib/avro-1.7.7.jar
25/08/27 20:32:58 INFO hcat.SqoopHCatUtilities: Adding to job classpath: file:/usr/local/hive/lib/paranamer-2.3.jar
25/08/27 20:32:58 INFO hcat.SqoopHCatUtilities: Adding to job classpath: file:/usr/local/hive/lib/snappy-java-1.0.5.jar
25/08/27 20:32:58 INFO hcat.SqoopHCatUtilities: Adding to job classpath: file:/usr/local/hive/lib/opencsv-2.3.jar
25/08/27 20:32:58 INFO hcat.SqoopHCatUtilities: Adding to job classpath: file:/usr/local/hive/lib/parquet-hadoop-bundle-1.8.1.jar
25/08/27 20:32:58 INFO hcat.SqoopHCatUtilities: Adding to job classpath: file:/usr/local/hive/lib/hive-metastore-2.1.1.jar
25/08/27 20:32:58 INFO hcat.SqoopHCatUtilities: Adding to job classpath: file:/usr/local/hive/lib/javolution-5.5.1.jar
25/08/27 20:32:58 INFO hcat.SqoopHCatUtilities: Adding to job classpath: file:/usr/local/hive/lib/hbase-client-1.1.1.jar
25/08/27 20:32:58 INFO hcat.SqoopHCatUtilities: Adding to job classpath: file:/usr/local/hive/lib/hbase-annotations-1.1.1.jar
25/08/27 20:32:58 INFO hcat.SqoopHCatUtilities: Adding to job classpath: file:/usr/local/hive/lib/findbugs-annotations-1.3.9-1.jar
25/08/27 20:32:58 INFO hcat.SqoopHCatUtilities: Adding to job classpath: file:/usr/local/hive/lib/hbase-common-1.1.1.jar
25/08/27 20:32:58 INFO hcat.SqoopHCatUtilities: Adding to job classpath: file:/usr/local/hive/lib/hbase-protocol-1.1.1.jar
25/08/27 20:32:58 INFO hcat.SqoopHCatUtilities: Adding to job classpath: file:/usr/local/hive/lib/htrace-core-3.1.0-incubating.jar
25/08/27 20:32:58 INFO hcat.SqoopHCatUtilities: Adding to job classpath: file:/usr/local/hive/lib/netty-all-4.0.23.Final.jar
25/08/27 20:32:58 INFO hcat.SqoopHCatUtilities: Adding to job classpath: file:/usr/local/hive/lib/jcodings-1.0.8.jar
25/08/27 20:32:58 INFO hcat.SqoopHCatUtilities: Adding to job classpath: file:/usr/local/hive/lib/joni-2.1.2.jar
25/08/27 20:32:58 INFO hcat.SqoopHCatUtilities: Adding to job classpath: file:/usr/local/hive/lib/bonecp-0.8.0.RELEASE.jar
25/08/27 20:32:58 INFO hcat.SqoopHCatUtilities: Adding to job classpath: file:/usr/local/hive/lib/derby-10.10.2.0.jar
25/08/27 20:32:58 INFO hcat.SqoopHCatUtilities: Adding to job classpath: file:/usr/local/hive/lib/datanucleus-api-jdo-4.2.1.jar
25/08/27 20:32:58 INFO hcat.SqoopHCatUtilities: Adding to job classpath: file:/usr/local/hive/lib/datanucleus-core-4.1.6.jar
25/08/27 20:32:58 INFO hcat.SqoopHCatUtilities: Adding to job classpath: file:/usr/local/hive/lib/datanucleus-rdbms-4.1.7.jar
25/08/27 20:32:58 INFO hcat.SqoopHCatUtilities: Adding to job classpath: file:/usr/local/hive/lib/commons-pool-1.5.4.jar
25/08/27 20:32:58 INFO hcat.SqoopHCatUtilities: Adding to job classpath: file:/usr/local/hive/lib/commons-dbcp-1.4.jar
25/08/27 20:32:58 INFO hcat.SqoopHCatUtilities: Adding to job classpath: file:/usr/local/hive/lib/jdo-api-3.0.1.jar
25/08/27 20:32:58 INFO hcat.SqoopHCatUtilities: Adding to job classpath: file:/usr/local/hive/lib/jta-1.1.jar
25/08/27 20:32:58 INFO hcat.SqoopHCatUtilities: Adding to job classpath: file:/usr/local/hive/lib/javax.jdo-3.2.0-m3.jar
25/08/27 20:32:58 INFO hcat.SqoopHCatUtilities: Adding to job classpath: file:/usr/local/hive/lib/transaction-api-1.1.jar
25/08/27 20:32:58 INFO hcat.SqoopHCatUtilities: Adding to job classpath: file:/usr/local/hive/lib/antlr-runtime-3.4.jar
25/08/27 20:32:58 INFO hcat.SqoopHCatUtilities: Adding to job classpath: file:/usr/local/hive/lib/stringtemplate-3.2.1.jar
25/08/27 20:32:58 INFO hcat.SqoopHCatUtilities: Adding to job classpath: file:/usr/local/hive/lib/antlr-2.7.7.jar
25/08/27 20:32:58 INFO hcat.SqoopHCatUtilities: Adding to job classpath: file:/usr/local/hive/lib/tephra-api-0.6.0.jar
25/08/27 20:32:58 INFO hcat.SqoopHCatUtilities: Adding to job classpath: file:/usr/local/hive/lib/tephra-core-0.6.0.jar
25/08/27 20:32:58 INFO hcat.SqoopHCatUtilities: Adding to job classpath: file:/usr/local/hive/lib/guice-assistedinject-3.0.jar
25/08/27 20:32:58 INFO hcat.SqoopHCatUtilities: Adding to job classpath: file:/usr/local/hive/lib/fastutil-6.5.6.jar
25/08/27 20:32:58 INFO hcat.SqoopHCatUtilities: Adding to job classpath: file:/usr/local/hive/lib/twill-common-0.6.0-incubating.jar
25/08/27 20:32:58 INFO hcat.SqoopHCatUtilities: Adding to job classpath: file:/usr/local/hive/lib/twill-core-0.6.0-incubating.jar
25/08/27 20:32:58 INFO hcat.SqoopHCatUtilities: Adding to job classpath: file:/usr/local/hive/lib/twill-api-0.6.0-incubating.jar
25/08/27 20:32:58 INFO hcat.SqoopHCatUtilities: Adding to job classpath: file:/usr/local/hive/lib/twill-discovery-api-0.6.0-incubating.jar
25/08/27 20:32:58 INFO hcat.SqoopHCatUtilities: Adding to job classpath: file:/usr/local/hive/lib/twill-zookeeper-0.6.0-incubating.jar
25/08/27 20:32:58 INFO hcat.SqoopHCatUtilities: Adding to job classpath: file:/usr/local/hive/lib/twill-discovery-core-0.6.0-incubating.jar
25/08/27 20:32:58 INFO hcat.SqoopHCatUtilities: Adding to job classpath: file:/usr/local/hive/lib/tephra-hbase-compat-1.0-0.6.0.jar
25/08/27 20:32:58 INFO hcat.SqoopHCatUtilities: Adding to job classpath: file:/usr/local/hive/lib/hive-testutils-2.1.1.jar
25/08/27 20:32:58 INFO hcat.SqoopHCatUtilities: Adding to job classpath: file:/usr/local/hive/lib/tempus-fugit-1.1.jar
25/08/27 20:32:58 INFO hcat.SqoopHCatUtilities: Adding to job classpath: file:/usr/local/hive/lib/hive-exec-2.1.1.jar
25/08/27 20:32:58 INFO hcat.SqoopHCatUtilities: Adding to job classpath: file:/usr/local/hive/lib/hive-ant-2.1.1.jar
25/08/27 20:32:58 INFO hcat.SqoopHCatUtilities: Adding to job classpath: file:/usr/local/hive/lib/velocity-1.5.jar
25/08/27 20:32:58 INFO hcat.SqoopHCatUtilities: Adding to job classpath: file:/usr/local/hive/lib/hive-llap-tez-2.1.1.jar
25/08/27 20:32:58 INFO hcat.SqoopHCatUtilities: Adding to job classpath: file:/usr/local/hive/lib/hive-llap-client-2.1.1.jar
25/08/27 20:32:58 INFO hcat.SqoopHCatUtilities: Adding to job classpath: file:/usr/local/hive/lib/hive-llap-common-2.1.1.jar
25/08/27 20:32:58 INFO hcat.SqoopHCatUtilities: Adding to job classpath: file:/usr/local/hive/lib/commons-lang3-3.1.jar
25/08/27 20:32:58 INFO hcat.SqoopHCatUtilities: Adding to job classpath: file:/usr/local/hive/lib/ST4-4.0.4.jar
25/08/27 20:32:58 INFO hcat.SqoopHCatUtilities: Adding to job classpath: file:/usr/local/hive/lib/ivy-2.4.0.jar
25/08/27 20:32:58 INFO hcat.SqoopHCatUtilities: Adding to job classpath: file:/usr/local/hive/lib/groovy-all-2.4.4.jar
25/08/27 20:32:58 INFO hcat.SqoopHCatUtilities: Adding to job classpath: file:/usr/local/hive/lib/calcite-core-1.6.0.jar
25/08/27 20:32:58 INFO hcat.SqoopHCatUtilities: Adding to job classpath: file:/usr/local/hive/lib/calcite-avatica-1.6.0.jar
25/08/27 20:32:58 INFO hcat.SqoopHCatUtilities: Adding to job classpath: file:/usr/local/hive/lib/calcite-linq4j-1.6.0.jar
25/08/27 20:32:58 INFO hcat.SqoopHCatUtilities: Adding to job classpath: file:/usr/local/hive/lib/eigenbase-properties-1.1.5.jar
25/08/27 20:32:58 INFO hcat.SqoopHCatUtilities: Adding to job classpath: file:/usr/local/hive/lib/janino-2.7.6.jar
25/08/27 20:32:58 INFO hcat.SqoopHCatUtilities: Adding to job classpath: file:/usr/local/hive/lib/commons-compiler-2.7.6.jar
25/08/27 20:32:58 INFO hcat.SqoopHCatUtilities: Adding to job classpath: file:/usr/local/hive/lib/pentaho-aggdesigner-algorithm-5.1.5-jhyde.jar
25/08/27 20:32:58 INFO hcat.SqoopHCatUtilities: Adding to job classpath: file:/usr/local/hive/lib/stax-api-1.0.1.jar
25/08/27 20:32:58 INFO hcat.SqoopHCatUtilities: Adding to job classpath: file:/usr/local/hive/lib/hive-service-2.1.1.jar
25/08/27 20:32:58 INFO hcat.SqoopHCatUtilities: Adding to job classpath: file:/usr/local/hive/lib/hive-llap-server-2.1.1.jar
25/08/27 20:32:58 INFO hcat.SqoopHCatUtilities: Adding to job classpath: file:/usr/local/hive/lib/slider-core-0.90.2-incubating.jar
25/08/27 20:32:58 INFO hcat.SqoopHCatUtilities: Adding to job classpath: file:/usr/local/hive/lib/jcommander-1.32.jar
25/08/27 20:32:58 INFO hcat.SqoopHCatUtilities: Adding to job classpath: file:/usr/local/hive/lib/jsp-api-2.1.jar
25/08/27 20:32:58 INFO hcat.SqoopHCatUtilities: Adding to job classpath: file:/usr/local/hive/lib/hbase-hadoop2-compat-1.1.1.jar
25/08/27 20:32:58 INFO hcat.SqoopHCatUtilities: Adding to job classpath: file:/usr/local/hive/lib/hbase-hadoop-compat-1.1.1.jar
25/08/27 20:32:58 INFO hcat.SqoopHCatUtilities: Adding to job classpath: file:/usr/local/hive/lib/commons-math-2.2.jar
25/08/27 20:32:58 INFO hcat.SqoopHCatUtilities: Adding to job classpath: file:/usr/local/hive/lib/metrics-core-2.2.0.jar
25/08/27 20:32:58 INFO hcat.SqoopHCatUtilities: Adding to job classpath: file:/usr/local/hive/lib/hbase-server-1.1.1.jar
25/08/27 20:32:58 INFO hcat.SqoopHCatUtilities: Adding to job classpath: file:/usr/local/hive/lib/hbase-procedure-1.1.1.jar
25/08/27 20:32:58 INFO hcat.SqoopHCatUtilities: Adding to job classpath: file:/usr/local/hive/lib/hbase-common-1.1.1-tests.jar
25/08/27 20:32:58 INFO hcat.SqoopHCatUtilities: Adding to job classpath: file:/usr/local/hive/lib/hbase-prefix-tree-1.1.1.jar
25/08/27 20:32:58 INFO hcat.SqoopHCatUtilities: Adding to job classpath: file:/usr/local/hive/lib/jetty-sslengine-6.1.26.jar
25/08/27 20:32:58 INFO hcat.SqoopHCatUtilities: Adding to job classpath: file:/usr/local/hive/lib/jsp-2.1-6.1.14.jar
25/08/27 20:32:58 INFO hcat.SqoopHCatUtilities: Adding to job classpath: file:/usr/local/hive/lib/jsp-api-2.1-6.1.14.jar
25/08/27 20:32:58 INFO hcat.SqoopHCatUtilities: Adding to job classpath: file:/usr/local/hive/lib/servlet-api-2.5-6.1.14.jar
25/08/27 20:32:58 INFO hcat.SqoopHCatUtilities: Adding to job classpath: file:/usr/local/hive/lib/jamon-runtime-2.3.1.jar
25/08/27 20:32:58 INFO hcat.SqoopHCatUtilities: Adding to job classpath: file:/usr/local/hive/lib/disruptor-3.3.0.jar
25/08/27 20:32:58 INFO hcat.SqoopHCatUtilities: Adding to job classpath: file:/usr/local/hive/lib/jpam-1.1.jar
25/08/27 20:32:58 INFO hcat.SqoopHCatUtilities: Adding to job classpath: file:/usr/local/hive/lib/hive-jdbc-2.1.1.jar
25/08/27 20:32:58 INFO hcat.SqoopHCatUtilities: Adding to job classpath: file:/usr/local/hive/lib/hive-beeline-2.1.1.jar
25/08/27 20:32:58 INFO hcat.SqoopHCatUtilities: Adding to job classpath: file:/usr/local/hive/lib/super-csv-2.2.0.jar
25/08/27 20:32:58 INFO hcat.SqoopHCatUtilities: Adding to job classpath: file:/usr/local/hive/lib/hive-cli-2.1.1.jar
25/08/27 20:32:58 INFO hcat.SqoopHCatUtilities: Adding to job classpath: file:/usr/local/hive/lib/hive-contrib-2.1.1.jar
25/08/27 20:32:58 INFO hcat.SqoopHCatUtilities: Adding to job classpath: file:/usr/local/hive/lib/hive-hbase-handler-2.1.1.jar
25/08/27 20:32:58 INFO hcat.SqoopHCatUtilities: Adding to job classpath: file:/usr/local/hive/lib/hbase-hadoop2-compat-1.1.1-tests.jar
25/08/27 20:32:58 INFO hcat.SqoopHCatUtilities: Adding to job classpath: file:/usr/local/hive/lib/hive-hwi-2.1.1.jar
25/08/27 20:32:58 INFO hcat.SqoopHCatUtilities: Adding to job classpath: file:/usr/local/hive/lib/jetty-all-server-7.6.0.v20120127.jar
25/08/27 20:32:58 INFO hcat.SqoopHCatUtilities: Adding to job classpath: file:/usr/local/hive/lib/hive-accumulo-handler-2.1.1.jar
25/08/27 20:32:58 INFO hcat.SqoopHCatUtilities: Adding to job classpath: file:/usr/local/hive/lib/accumulo-core-1.6.0.jar
25/08/27 20:32:58 INFO hcat.SqoopHCatUtilities: Adding to job classpath: file:/usr/local/hive/lib/accumulo-fate-1.6.0.jar
25/08/27 20:32:58 INFO hcat.SqoopHCatUtilities: Adding to job classpath: file:/usr/local/hive/lib/accumulo-start-1.6.0.jar
25/08/27 20:32:58 INFO hcat.SqoopHCatUtilities: Adding to job classpath: file:/usr/local/hive/lib/commons-vfs2-2.0.jar
25/08/27 20:32:58 INFO hcat.SqoopHCatUtilities: Adding to job classpath: file:/usr/local/hive/lib/maven-scm-api-1.4.jar
25/08/27 20:32:58 INFO hcat.SqoopHCatUtilities: Adding to job classpath: file:/usr/local/hive/lib/plexus-utils-1.5.6.jar
25/08/27 20:32:58 INFO hcat.SqoopHCatUtilities: Adding to job classpath: file:/usr/local/hive/lib/maven-scm-provider-svnexe-1.4.jar
25/08/27 20:32:58 INFO hcat.SqoopHCatUtilities: Adding to job classpath: file:/usr/local/hive/lib/maven-scm-provider-svn-commons-1.4.jar
25/08/27 20:32:58 INFO hcat.SqoopHCatUtilities: Adding to job classpath: file:/usr/local/hive/lib/regexp-1.3.jar
25/08/27 20:32:58 INFO hcat.SqoopHCatUtilities: Adding to job classpath: file:/usr/local/hive/lib/accumulo-trace-1.6.0.jar
25/08/27 20:32:58 INFO hcat.SqoopHCatUtilities: Adding to job classpath: file:/usr/local/hive/lib/hive-llap-ext-client-2.1.1.jar
25/08/27 20:32:58 INFO hcat.SqoopHCatUtilities: Adding to job classpath: file:/usr/local/hive/lib/hive-hplsql-2.1.1.jar
25/08/27 20:32:58 INFO hcat.SqoopHCatUtilities: Adding to job classpath: file:/usr/local/hive/lib/antlr4-runtime-4.5.jar
25/08/27 20:32:58 INFO hcat.SqoopHCatUtilities: Adding to job classpath: file:/usr/local/hive/lib/org.abego.treelayout.core-1.0.1.jar
25/08/27 20:32:58 INFO hcat.SqoopHCatUtilities: Adding to job classpath: file:/usr/local/hive/lib/mysql-connector-java-5.1.47.jar
25/08/27 20:32:58 INFO hcat.SqoopHCatUtilities: Adding to job classpath: file:/usr/local/hive/lib/mysql-connector-java-5.1.47-bin.jar
25/08/27 20:32:58 INFO hcat.SqoopHCatUtilities: Adding jar files under /usr/local/hive/hcatalog/share/hcatalog/storage-handlers to distributed cache (recursively)
25/08/27 20:32:58 WARN hcat.SqoopHCatUtilities: No files under /usr/local/hive/hcatalog/share/hcatalog/storage-handlers to add to distributed cache for hcatalog job
25/08/27 20:32:58 INFO hcat.SqoopHCatUtilities: Validating dynamic partition keys
25/08/27 20:32:58 WARN hcat.SqoopHCatUtilities: The HCatalog field ubo_id has type bigint.  Expected = decimal based on database column type : NUMERIC
25/08/27 20:32:58 WARN hcat.SqoopHCatUtilities: The Sqoop job can fail if types are not  assignment compatible
25/08/27 20:32:58 WARN hcat.SqoopHCatUtilities: Column ubo_id had to be cast to a less precise type decimal in hcatalog
25/08/27 20:32:58 WARN hcat.SqoopHCatUtilities: The HCatalog field customer_id has type bigint.  Expected = decimal based on database column type : NUMERIC
25/08/27 20:32:58 WARN hcat.SqoopHCatUtilities: The Sqoop job can fail if types are not  assignment compatible
25/08/27 20:32:58 WARN hcat.SqoopHCatUtilities: Column customer_id had to be cast to a less precise type decimal in hcatalog
25/08/27 20:32:58 WARN hcat.SqoopHCatUtilities: The HCatalog field ubo_name has type string.  Expected = varchar based on database column type : VARCHAR
25/08/27 20:32:58 WARN hcat.SqoopHCatUtilities: The Sqoop job can fail if types are not  assignment compatible
25/08/27 20:32:58 WARN hcat.SqoopHCatUtilities: The HCatalog field ubo_id_type has type string.  Expected = varchar based on database column type : VARCHAR
25/08/27 20:32:58 WARN hcat.SqoopHCatUtilities: The Sqoop job can fail if types are not  assignment compatible
25/08/27 20:32:58 WARN hcat.SqoopHCatUtilities: The HCatalog field ubo_id_no has type string.  Expected = varchar based on database column type : VARCHAR
25/08/27 20:32:58 WARN hcat.SqoopHCatUtilities: The Sqoop job can fail if types are not  assignment compatible
25/08/27 20:32:58 WARN hcat.SqoopHCatUtilities: The HCatalog field ubo_share_percent has type bigint.  Expected = decimal based on database column type : NUMERIC
25/08/27 20:32:58 WARN hcat.SqoopHCatUtilities: The Sqoop job can fail if types are not  assignment compatible
25/08/27 20:32:58 WARN hcat.SqoopHCatUtilities: Column ubo_share_percent had to be cast to a less precise type decimal in hcatalog
25/08/27 20:32:58 WARN hcat.SqoopHCatUtilities: The HCatalog field ubo_position has type string.  Expected = varchar based on database column type : VARCHAR
25/08/27 20:32:58 WARN hcat.SqoopHCatUtilities: The Sqoop job can fail if types are not  assignment compatible
25/08/27 20:32:58 WARN hcat.SqoopHCatUtilities: The HCatalog field ubo_nationality has type string.  Expected = varchar based on database column type : VARCHAR
25/08/27 20:32:58 WARN hcat.SqoopHCatUtilities: The Sqoop job can fail if types are not  assignment compatible
25/08/27 20:32:58 WARN hcat.SqoopHCatUtilities: The HCatalog field ubo_residence has type string.  Expected = varchar based on database column type : VARCHAR
25/08/27 20:32:58 WARN hcat.SqoopHCatUtilities: The Sqoop job can fail if types are not  assignment compatible
25/08/27 20:32:58 WARN hcat.SqoopHCatUtilities: The HCatalog field relationship_type has type string.  Expected = varchar based on database column type : VARCHAR
25/08/27 20:32:58 WARN hcat.SqoopHCatUtilities: The Sqoop job can fail if types are not  assignment compatible
25/08/27 20:32:58 WARN hcat.SqoopHCatUtilities: The HCatalog field effective_date has type date.  Expected = string based on database column type : TIMESTAMP
25/08/27 20:32:58 WARN hcat.SqoopHCatUtilities: The Sqoop job can fail if types are not  assignment compatible
25/08/27 20:32:58 WARN hcat.SqoopHCatUtilities: Column effective_date had to be cast to a less precise type string in hcatalog
25/08/27 20:32:58 WARN hcat.SqoopHCatUtilities: The HCatalog field expiry_date has type date.  Expected = string based on database column type : TIMESTAMP
25/08/27 20:32:58 WARN hcat.SqoopHCatUtilities: The Sqoop job can fail if types are not  assignment compatible
25/08/27 20:32:58 WARN hcat.SqoopHCatUtilities: Column expiry_date had to be cast to a less precise type string in hcatalog
25/08/27 20:32:58 WARN hcat.SqoopHCatUtilities: The HCatalog field status has type string.  Expected = varchar based on database column type : VARCHAR
25/08/27 20:32:58 WARN hcat.SqoopHCatUtilities: The Sqoop job can fail if types are not  assignment compatible
25/08/27 20:32:58 WARN hcat.SqoopHCatUtilities: The HCatalog field created_by has type string.  Expected = varchar based on database column type : VARCHAR
25/08/27 20:32:58 WARN hcat.SqoopHCatUtilities: The Sqoop job can fail if types are not  assignment compatible
25/08/27 20:32:58 WARN hcat.SqoopHCatUtilities: The HCatalog field created_date has type date.  Expected = string based on database column type : TIMESTAMP
25/08/27 20:32:58 WARN hcat.SqoopHCatUtilities: The Sqoop job can fail if types are not  assignment compatible
25/08/27 20:32:58 WARN hcat.SqoopHCatUtilities: Column created_date had to be cast to a less precise type string in hcatalog
25/08/27 20:32:58 WARN hcat.SqoopHCatUtilities: The HCatalog field updated_by has type string.  Expected = varchar based on database column type : VARCHAR
25/08/27 20:32:58 WARN hcat.SqoopHCatUtilities: The Sqoop job can fail if types are not  assignment compatible
25/08/27 20:32:58 WARN hcat.SqoopHCatUtilities: The HCatalog field updated_date has type date.  Expected = string based on database column type : TIMESTAMP
25/08/27 20:32:58 WARN hcat.SqoopHCatUtilities: The Sqoop job can fail if types are not  assignment compatible
25/08/27 20:32:58 WARN hcat.SqoopHCatUtilities: Column updated_date had to be cast to a less precise type string in hcatalog
25/08/27 20:32:58 INFO mapreduce.DataDrivenImportJob: Configuring mapper for HCatalog import job
25/08/27 20:32:58 INFO Configuration.deprecation: mapred.map.tasks is deprecated. Instead, use mapreduce.job.maps
25/08/27 20:32:58 INFO client.RMProxy: Connecting to ResourceManager at hadoop01/192.168.88.148:8032
25/08/27 20:32:58 INFO Configuration.deprecation: io.bytes.per.checksum is deprecated. Instead, use dfs.bytes-per-checksum
25/08/27 20:33:12 INFO hdfs.DFSClient: Exception in createBlockOutputStream
java.io.IOException: Got error, status message , ack with firstBadLink as 192.168.88.150:50010
	at org.apache.hadoop.hdfs.protocol.datatransfer.DataTransferProtoUtil.checkBlockOpStatus(DataTransferProtoUtil.java:142)
	at org.apache.hadoop.hdfs.DFSOutputStream$DataStreamer.createBlockOutputStream(DFSOutputStream.java:1497)
	at org.apache.hadoop.hdfs.DFSOutputStream$DataStreamer.nextBlockOutputStream(DFSOutputStream.java:1400)
	at org.apache.hadoop.hdfs.DFSOutputStream$DataStreamer.run(DFSOutputStream.java:554)
25/08/27 20:33:12 INFO hdfs.DFSClient: Abandoning BP-1320170728-192.168.88.148-1752394409055:blk_1073745100_4276
25/08/27 20:33:12 INFO hdfs.DFSClient: Excluding datanode DatanodeInfoWithStorage[192.168.88.150:50010,DS-982a4c8c-4c3d-4bb0-a7f1-7fc0431add34,DISK]
25/08/27 20:33:12 INFO hdfs.DFSClient: Exception in createBlockOutputStream
java.io.IOException: Got error, status message , ack with firstBadLink as 192.168.88.149:50010
	at org.apache.hadoop.hdfs.protocol.datatransfer.DataTransferProtoUtil.checkBlockOpStatus(DataTransferProtoUtil.java:142)
	at org.apache.hadoop.hdfs.DFSOutputStream$DataStreamer.createBlockOutputStream(DFSOutputStream.java:1497)
	at org.apache.hadoop.hdfs.DFSOutputStream$DataStreamer.nextBlockOutputStream(DFSOutputStream.java:1400)
	at org.apache.hadoop.hdfs.DFSOutputStream$DataStreamer.run(DFSOutputStream.java:554)
25/08/27 20:33:12 INFO hdfs.DFSClient: Abandoning BP-1320170728-192.168.88.148-1752394409055:blk_1073745101_4277
25/08/27 20:33:12 INFO hdfs.DFSClient: Excluding datanode DatanodeInfoWithStorage[192.168.88.149:50010,DS-e5c83369-88aa-4609-b9fc-16fe98013cfd,DISK]
25/08/27 20:33:16 INFO db.DBInputFormat: Using read commited transaction isolation
25/08/27 20:33:16 INFO mapreduce.JobSubmitter: number of splits:1
25/08/27 20:33:17 INFO mapreduce.JobSubmitter: Submitting tokens for job: job_1756296034767_0011
25/08/27 20:33:18 INFO impl.YarnClientImpl: Submitted application application_1756296034767_0011
25/08/27 20:33:18 INFO mapreduce.Job: The url to track the job: http://hadoop01:8088/proxy/application_1756296034767_0011/
25/08/27 20:33:18 INFO mapreduce.Job: Running job: job_1756296034767_0011
25/08/27 20:33:32 INFO mapreduce.Job: Job job_1756296034767_0011 running in uber mode : false
25/08/27 20:33:32 INFO mapreduce.Job:  map 0% reduce 0%
25/08/27 20:33:50 INFO mapreduce.Job:  map 100% reduce 0%
25/08/27 20:33:51 INFO mapreduce.Job: Job job_1756296034767_0011 completed successfully
25/08/27 20:33:51 INFO mapreduce.Job: Counters: 30
	File System Counters
		FILE: Number of bytes read=0
		FILE: Number of bytes written=341244
		FILE: Number of read operations=0
		FILE: Number of large read operations=0
		FILE: Number of write operations=0
		HDFS: Number of bytes read=87
		HDFS: Number of bytes written=1090760
		HDFS: Number of read operations=4
		HDFS: Number of large read operations=0
		HDFS: Number of write operations=2
	Job Counters 
		Launched map tasks=1
		Other local map tasks=1
		Total time spent by all maps in occupied slots (ms)=13071
		Total time spent by all reduces in occupied slots (ms)=0
		Total time spent by all map tasks (ms)=13071
		Total vcore-milliseconds taken by all map tasks=13071
		Total megabyte-milliseconds taken by all map tasks=13384704
	Map-Reduce Framework
		Map input records=37546
		Map output records=37546
		Input split bytes=87
		Spilled Records=0
		Failed Shuffles=0
		Merged Map outputs=0
		GC time elapsed (ms)=378
		CPU time spent (ms)=4870
		Physical memory (bytes) snapshot=216530944
		Virtual memory (bytes) snapshot=2112438272
		Total committed heap usage (bytes)=62980096
	File Input Format Counters 
		Bytes Read=0
	File Output Format Counters 
		Bytes Written=0
25/08/27 20:33:51 INFO mapreduce.ImportJobBase: Transferred 1.0402 MB in 53.1296 seconds (20.049 KB/sec)
25/08/27 20:33:51 INFO mapreduce.ImportJobBase: Retrieved 37546 records.
25/08/27 20:33:51 INFO mapreduce.ImportJobBase: Publishing Hive/Hcat import job data to Listeners for table AML_UBO_INFO
25/08/27 20:33:51 INFO hive.metastore: Closed a connection to metastore, current connections: 1
表AML_UBO_INFO 导出成功
执行时长：60
所有表导出完毕
======================================================================
